<?xml version="1.0" encoding="UTF-8"?>
<testng-results ignored="0" total="2" passed="2" failed="0" skipped="0">
  <reporter-output>
  </reporter-output>
  <suite started-at="2024-10-04T22:03:23 IST" name="Default suite" finished-at="2024-10-04T22:04:18 IST" duration-ms="55515">
    <groups>
    </groups>
    <test started-at="2024-10-04T22:03:23 IST" name="Default test" finished-at="2024-10-04T22:04:18 IST" duration-ms="55515">
      <class name="com.sample_testng.Dataprovider_test">
        <test-method is-config="true" signature="browserlaunch()[pri:0, instance:com.sample_testng.Dataprovider_test@2e3967ea]" started-at="2024-10-04T22:03:23 IST" name="browserlaunch" finished-at="2024-10-04T22:03:58 IST" duration-ms="35247" status="PASS">
          <reporter-output>
          </reporter-output>
        </test-method> <!-- browserlaunch -->
        <test-method signature="login(java.lang.String,java.lang.String)[pri:0, instance:com.sample_testng.Dataprovider_test@2e3967ea]" started-at="2024-10-04T22:03:58 IST" name="login" data-provider="userdetails" finished-at="2024-10-04T22:04:03 IST" duration-ms="4306" status="PASS">
          <params>
            <param index="0">
              <value>
                <![CDATA[priya]]>
              </value>
            </param>
            <param index="1">
              <value>
                <![CDATA[asdfg]]>
              </value>
            </param>
          </params>
          <reporter-output>
          </reporter-output>
        </test-method> <!-- login -->
        <test-method signature="login(java.lang.String,java.lang.String)[pri:0, instance:com.sample_testng.Dataprovider_test@2e3967ea]" started-at="2024-10-04T22:04:03 IST" name="login" data-provider="userdetails" finished-at="2024-10-04T22:04:18 IST" duration-ms="15501" status="PASS">
          <params>
            <param index="0">
              <value>
                <![CDATA[magash]]>
              </value>
            </param>
            <param index="1">
              <value>
                <![CDATA[kutty]]>
              </value>
            </param>
          </params>
          <reporter-output>
          </reporter-output>
        </test-method> <!-- login -->
      </class> <!-- com.sample_testng.Dataprovider_test -->
    </test> <!-- Default test -->
  </suite> <!-- Default suite -->
</testng-results>
